<?xml version="1.0" encoding="UTF-8"?>
<testng-results ignored="0" total="4" passed="4" failed="0" skipped="0">
  <reporter-output>
  </reporter-output>
  <suite started-at="2023-05-10T18:26:14 IST" name="Default suite" finished-at="2023-05-10T18:26:22 IST" duration-ms="8419">
    <groups>
    </groups>
    <test started-at="2023-05-10T18:26:14 IST" name="Default test" finished-at="2023-05-10T18:26:22 IST" duration-ms="8419">
      <class name="com.crm.qa.testcases.landingTest">
        <test-method is-config="true" signature="setUp()[pri:0, instance:com.crm.qa.testcases.landingTest@6e0dec4a]" started-at="2023-05-10T18:26:08 IST" name="setUp" finished-at="2023-05-10T18:26:14 IST" duration-ms="5684" status="PASS">
          <reporter-output>
          </reporter-output>
        </test-method> <!-- setUp -->
        <test-method is-config="true" signature="waits()[pri:0, instance:com.crm.qa.testcases.landingTest@6e0dec4a]" started-at="2023-05-10T18:26:14 IST" name="waits" finished-at="2023-05-10T18:26:16 IST" duration-ms="2001" status="PASS">
          <reporter-output>
          </reporter-output>
        </test-method> <!-- waits -->
        <test-method signature="Logotest()[pri:1, instance:com.crm.qa.testcases.landingTest@6e0dec4a]" started-at="2023-05-10T18:26:16 IST" name="Logotest" finished-at="2023-05-10T18:26:16 IST" duration-ms="62" status="PASS">
          <reporter-output>
          </reporter-output>
        </test-method> <!-- Logotest -->
        <test-method is-config="true" signature="waits()[pri:0, instance:com.crm.qa.testcases.landingTest@6e0dec4a]" started-at="2023-05-10T18:26:16 IST" name="waits" finished-at="2023-05-10T18:26:18 IST" duration-ms="2005" status="PASS">
          <reporter-output>
          </reporter-output>
        </test-method> <!-- waits -->
        <test-method signature="Lighticon()[pri:2, instance:com.crm.qa.testcases.landingTest@6e0dec4a]" started-at="2023-05-10T18:26:18 IST" name="Lighticon" finished-at="2023-05-10T18:26:18 IST" duration-ms="114" status="PASS">
          <reporter-output>
          </reporter-output>
        </test-method> <!-- Lighticon -->
        <test-method is-config="true" signature="waits()[pri:0, instance:com.crm.qa.testcases.landingTest@6e0dec4a]" started-at="2023-05-10T18:26:18 IST" name="waits" finished-at="2023-05-10T18:26:20 IST" duration-ms="2002" status="PASS">
          <reporter-output>
          </reporter-output>
        </test-method> <!-- waits -->
        <test-method signature="Darkicon()[pri:3, instance:com.crm.qa.testcases.landingTest@6e0dec4a]" started-at="2023-05-10T18:26:20 IST" name="Darkicon" finished-at="2023-05-10T18:26:20 IST" depends-on-methods="com.crm.qa.testcases.landingTest.Lighticon" duration-ms="87" status="PASS">
          <reporter-output>
          </reporter-output>
        </test-method> <!-- Darkicon -->
        <test-method is-config="true" signature="waits()[pri:0, instance:com.crm.qa.testcases.landingTest@6e0dec4a]" started-at="2023-05-10T18:26:20 IST" name="waits" finished-at="2023-05-10T18:26:22 IST" duration-ms="2001" status="PASS">
          <reporter-output>
          </reporter-output>
        </test-method> <!-- waits -->
        <test-method signature="Goto()[pri:4, instance:com.crm.qa.testcases.landingTest@6e0dec4a]" started-at="2023-05-10T18:26:22 IST" name="Goto" finished-at="2023-05-10T18:26:22 IST" duration-ms="105" status="PASS">
          <reporter-output>
          </reporter-output>
        </test-method> <!-- Goto -->
        <test-method is-config="true" signature="tearDown()[pri:0, instance:com.crm.qa.testcases.landingTest@6e0dec4a]" started-at="2023-05-10T18:26:27 IST" name="tearDown" finished-at="2023-05-10T18:26:28 IST" duration-ms="492" status="PASS">
          <reporter-output>
          </reporter-output>
        </test-method> <!-- tearDown -->
      </class> <!-- com.crm.qa.testcases.landingTest -->
    </test> <!-- Default test -->
  </suite> <!-- Default suite -->
</testng-results>
